app/build/intermediates/manifest_merge_blame_file/madaniRelease/manifest-merger-blame-madani-release-report.txt
1<?xml version="1.0" encoding="utf-8"?>
2<manifest xmlns:android="http://schemas.android.com/apk/res/android"
3    package="com.salamquran.android"
4    android:installLocation="auto"
5    android:versionCode="1"
6    android:versionName="1.0.0 beta" >
7
8    <uses-sdk
8-->src/main/AndroidManifest.xml:7:3-50
9        android:minSdkVersion="14"
9-->src/main/AndroidManifest.xml:7:3-50
10        android:targetSdkVersion="28" />
10-->src/main/AndroidManifest.xml:7:3-50
11
12    <uses-permission android:name="android.permission.INTERNET" />
12-->src/main/AndroidManifest.xml:9:3-65
12-->src/main/AndroidManifest.xml:9:20-62
13    <uses-permission android:name="android.permission.WRITE_EXTERNAL_STORAGE" />
13-->src/main/AndroidManifest.xml:10:3-79
13-->src/main/AndroidManifest.xml:10:20-76
14    <uses-permission android:name="android.permission.ACCESS_NETWORK_STATE" />
14-->src/main/AndroidManifest.xml:11:3-77
14-->src/main/AndroidManifest.xml:11:20-74
15    <uses-permission android:name="android.permission.WAKE_LOCK" /> <!-- foreground services need this when targeting Android 9+ (Api 28+) -->
15-->src/main/AndroidManifest.xml:12:3-66
15-->src/main/AndroidManifest.xml:12:20-63
16    <uses-permission-sdk-23 android:name="android.permission.FOREGROUND_SERVICE" /> <!-- support chromebooks without touch screen -->
16-->src/main/AndroidManifest.xml:13:3-82
16-->src/main/AndroidManifest.xml:13:27-79
17
18
19    <!-- salamquran -->
20    <uses-permission android:name="android.permission.RECORD_AUDIO" />
20-->src/main/AndroidManifest.xml:16:3-68
20-->src/main/AndroidManifest.xml:16:20-66
21
22    <uses-feature
22-->src/main/AndroidManifest.xml:18:3-20:34
23        android:name="android.hardware.touchscreen"
23-->src/main/AndroidManifest.xml:19:7-50
24        android:required="false" />
24-->src/main/AndroidManifest.xml:20:7-31
25
26    <application
26-->src/main/AndroidManifest.xml:22:3-172:17
27        android:name="com.salamquran.android.QuranApplication"
27-->src/main/AndroidManifest.xml:23:7-39
28        android:allowBackup="true"
28-->src/main/AndroidManifest.xml:24:7-33
29        android:appComponentFactory="androidx.core.app.CoreComponentFactory"
29-->[androidx.core:core:1.1.0] AndroidManifest.xml:24:18-86
30        android:fullBackupContent="@xml/backup"
30-->src/main/AndroidManifest.xml:25:7-46
31        android:icon="@drawable/icon"
31-->src/main/AndroidManifest.xml:26:7-36
32        android:label="@string/app_name"
32-->src/main/AndroidManifest.xml:27:7-39
33        android:networkSecurityConfig="@xml/network_security_config"
33-->src/main/AndroidManifest.xml:28:7-67
34        android:roundIcon="@drawable/icon"
34-->src/main/AndroidManifest.xml:29:7-41
35        android:supportsRtl="true"
35-->src/main/AndroidManifest.xml:30:7-33
36        android:theme="@style/Quran" >
36-->src/main/AndroidManifest.xml:31:7-35
37        <activity
37-->src/main/AndroidManifest.xml:33:5-41:16
38            android:name="com.salamquran.android.Splash"
38-->src/main/AndroidManifest.xml:34:9-31
39            android:configChanges="keyboardHidden|orientation|screenSize"
39-->src/main/AndroidManifest.xml:35:9-70
40            android:theme="@style/Theme.AppCompat.Light.NoActionBar" >
40-->src/main/AndroidManifest.xml:36:9-65
41            <intent-filter>
41-->src/main/AndroidManifest.xml:37:7-40:23
42                <action android:name="android.intent.action.MAIN" />
42-->src/main/AndroidManifest.xml:38:9-61
42-->src/main/AndroidManifest.xml:38:17-58
43
44                <category android:name="android.intent.category.LAUNCHER" />
44-->src/main/AndroidManifest.xml:39:9-69
44-->src/main/AndroidManifest.xml:39:19-66
45            </intent-filter>
46        </activity>
47        <activity
47-->src/main/AndroidManifest.xml:42:5-50:16
48            android:name="com.salamquran.android.QuranDataActivity"
48-->src/main/AndroidManifest.xml:43:9-42
49            android:configChanges="keyboardHidden|orientation|screenSize"
49-->src/main/AndroidManifest.xml:44:9-70
50            android:label="@string/app_name"
50-->src/main/AndroidManifest.xml:45:9-41
51            android:theme="@style/QuranToolBar" >
51-->src/main/AndroidManifest.xml:46:9-44
52            <meta-data
52-->src/main/AndroidManifest.xml:47:7-49:47
53                android:name="android.app.shortcuts"
53-->src/main/AndroidManifest.xml:48:11-47
54                android:resource="@xml/shortcuts" />
54-->src/main/AndroidManifest.xml:49:11-44
55        </activity>
56        <activity
56-->src/main/AndroidManifest.xml:51:5-53:35
57            android:name="com.salamquran.android.ShortcutsActivity"
57-->src/main/AndroidManifest.xml:52:9-42
58            android:exported="true" />
58-->src/main/AndroidManifest.xml:53:9-32
59        <activity
59-->src/main/AndroidManifest.xml:54:5-56:47
60            android:name="com.salamquran.android.ui.QuranActivity"
60-->src/main/AndroidManifest.xml:55:9-41
61            android:theme="@style/QuranToolBar" />
61-->src/main/AndroidManifest.xml:56:9-44
62        <activity
62-->src/main/AndroidManifest.xml:57:5-59:47
63            android:name="com.salamquran.android.AboutUsActivity"
63-->src/main/AndroidManifest.xml:58:9-40
64            android:theme="@style/QuranToolBar" />
64-->src/main/AndroidManifest.xml:59:9-44
65        <activity android:name="com.salamquran.android.HelpActivity" />
65-->src/main/AndroidManifest.xml:60:5-46
65-->src/main/AndroidManifest.xml:60:15-43
66        <activity
66-->src/main/AndroidManifest.xml:61:5-64:55
67            android:name="com.salamquran.android.ui.PagerActivity"
67-->src/main/AndroidManifest.xml:62:9-41
68            android:launchMode="singleTop"
68-->src/main/AndroidManifest.xml:63:9-39
69            android:theme="@style/QuranToolBar.Overlay" />
69-->src/main/AndroidManifest.xml:64:9-52
70        <activity
70-->src/main/AndroidManifest.xml:65:5-67:73
71            android:name="com.salamquran.android.ui.TranslationManagerActivity"
71-->src/main/AndroidManifest.xml:66:9-54
72            android:configChanges="keyboardHidden|orientation|screenSize" />
72-->src/main/AndroidManifest.xml:67:9-70
73        <activity
73-->src/main/AndroidManifest.xml:68:5-71:47
74            android:name="com.salamquran.android.QuranPreferenceActivity"
74-->src/main/AndroidManifest.xml:69:9-48
75            android:configChanges="keyboardHidden|orientation|screenSize"
75-->src/main/AndroidManifest.xml:70:9-70
76            android:theme="@style/QuranToolBar" />
76-->src/main/AndroidManifest.xml:71:9-44
77        <activity
77-->src/main/AndroidManifest.xml:72:5-75:47
78            android:name="com.salamquran.android.QuranAdvancedPreferenceActivity"
78-->src/main/AndroidManifest.xml:73:9-56
79            android:configChanges="keyboardHidden|orientation|screenSize"
79-->src/main/AndroidManifest.xml:74:9-70
80            android:theme="@style/QuranToolBar" />
80-->src/main/AndroidManifest.xml:75:9-44
81        <activity
81-->src/main/AndroidManifest.xml:76:5-86:16
82            android:name="com.salamquran.android.SearchActivity"
82-->src/main/AndroidManifest.xml:77:9-39
83            android:launchMode="singleTop" >
83-->src/main/AndroidManifest.xml:78:9-39
84            <intent-filter>
84-->src/main/AndroidManifest.xml:79:7-81:23
85                <action android:name="android.intent.action.SEARCH" />
85-->src/main/AndroidManifest.xml:80:9-63
85-->src/main/AndroidManifest.xml:80:17-60
86            </intent-filter>
87
88            <meta-data
88-->src/main/AndroidManifest.xml:83:7-85:48
89                android:name="android.app.searchable"
89-->src/main/AndroidManifest.xml:84:11-48
90                android:resource="@xml/searchable" />
90-->src/main/AndroidManifest.xml:85:11-45
91        </activity>
92        <activity android:name="com.salamquran.android.QuranForwarderActivity" >
92-->src/main/AndroidManifest.xml:87:5-95:16
92-->src/main/AndroidManifest.xml:87:15-53
93            <intent-filter>
93-->src/main/AndroidManifest.xml:88:7-94:23
94                <action android:name="android.intent.action.VIEW" />
94-->src/main/AndroidManifest.xml:89:9-61
94-->src/main/AndroidManifest.xml:89:17-58
95
96                <category android:name="android.intent.category.DEFAULT" />
96-->src/main/AndroidManifest.xml:91:9-68
96-->src/main/AndroidManifest.xml:91:19-65
97
98                <data android:scheme="quran" />
98-->src/main/AndroidManifest.xml:93:9-40
98-->src/main/AndroidManifest.xml:93:15-37
99            </intent-filter>
100        </activity>
101        <activity
101-->src/main/AndroidManifest.xml:96:5-98:40
102            android:name="com.salamquran.android.ui.AudioManagerActivity"
102-->src/main/AndroidManifest.xml:97:9-48
103            android:theme="@style/Quran" /> <!-- declare the default searchable Activity for the whole app -->
103-->src/main/AndroidManifest.xml:98:9-37
104        <meta-data
104-->src/main/AndroidManifest.xml:99:5-101:43
105            android:name="android.app.default_searchable"
105-->src/main/AndroidManifest.xml:100:9-54
106            android:value=".SearchActivity" /> <!-- provides search suggestions for verses. -->
106-->src/main/AndroidManifest.xml:101:9-40
107        <provider
107-->src/main/AndroidManifest.xml:102:5-105:36
108            android:name="com.salamquran.android.data.QuranDataProvider"
108-->src/main/AndroidManifest.xml:103:9-47
109            android:authorities="@string/authority"
109-->src/main/AndroidManifest.xml:104:9-48
110            android:exported="false" />
110-->src/main/AndroidManifest.xml:105:9-33
111        <provider
111-->src/main/AndroidManifest.xml:106:5-114:16
112            android:name="androidx.core.content.FileProvider"
112-->src/main/AndroidManifest.xml:107:9-58
113            android:authorities="@string/file_authority"
113-->src/main/AndroidManifest.xml:108:9-53
114            android:exported="false"
114-->src/main/AndroidManifest.xml:109:9-33
115            android:grantUriPermissions="true" >
115-->src/main/AndroidManifest.xml:110:9-43
116            <meta-data
116-->src/main/AndroidManifest.xml:111:7-113:48
117                android:name="android.support.FILE_PROVIDER_PATHS"
117-->src/main/AndroidManifest.xml:112:11-61
118                android:resource="@xml/file_paths" />
118-->src/main/AndroidManifest.xml:113:11-45
119        </provider>
120
121        <receiver android:name="androidx.media.session.MediaButtonReceiver" >
121-->src/main/AndroidManifest.xml:116:5-120:16
121-->src/main/AndroidManifest.xml:116:15-72
122            <intent-filter>
122-->src/main/AndroidManifest.xml:117:7-119:23
123                <action android:name="android.intent.action.MEDIA_BUTTON" />
123-->src/main/AndroidManifest.xml:118:9-69
123-->src/main/AndroidManifest.xml:118:17-66
124            </intent-filter>
125        </receiver>
126
127        <activity android:name="com.salamquran.android.QuranImportActivity" >
127-->src/main/AndroidManifest.xml:122:5-157:16
127-->src/main/AndroidManifest.xml:122:15-50
128            <intent-filter>
128-->src/main/AndroidManifest.xml:123:7-129:23
129                <action android:name="android.intent.action.SEND" />
129-->src/main/AndroidManifest.xml:124:9-61
129-->src/main/AndroidManifest.xml:124:17-58
130
131                <category android:name="android.intent.category.DEFAULT" />
131-->src/main/AndroidManifest.xml:91:9-68
131-->src/main/AndroidManifest.xml:91:19-65
132
133                <data android:mimeType="application/json" />
133-->src/main/AndroidManifest.xml:93:9-40
133-->src/main/AndroidManifest.xml:128:15-50
134            </intent-filter>
135            <intent-filter>
135-->src/main/AndroidManifest.xml:130:7-156:23
136                <action android:name="android.intent.action.VIEW" />
136-->src/main/AndroidManifest.xml:89:9-61
136-->src/main/AndroidManifest.xml:89:17-58
137
138                <category android:name="android.intent.category.DEFAULT" />
138-->src/main/AndroidManifest.xml:91:9-68
138-->src/main/AndroidManifest.xml:91:19-65
139                <category android:name="android.intent.category.BROWSABLE" />
139-->src/main/AndroidManifest.xml:134:9-70
139-->src/main/AndroidManifest.xml:134:19-67
140
141                <data
141-->src/main/AndroidManifest.xml:93:9-40
142                    android:host="*"
142-->src/main/AndroidManifest.xml:137:13-29
143                    android:mimeType="*/*"
143-->src/main/AndroidManifest.xml:128:15-50
144                    android:pathPattern=".*\\.backup"
144-->src/main/AndroidManifest.xml:139:13-46
145                    android:scheme="file" />
145-->src/main/AndroidManifest.xml:93:15-37
146                <data
146-->src/main/AndroidManifest.xml:93:9-40
147                    android:host="*"
147-->src/main/AndroidManifest.xml:137:13-29
148                    android:mimeType="*/*"
148-->src/main/AndroidManifest.xml:128:15-50
149                    android:pathPattern=".*\\..*\\.backup"
149-->src/main/AndroidManifest.xml:139:13-46
150                    android:scheme="file" />
150-->src/main/AndroidManifest.xml:93:15-37
151                <data
151-->src/main/AndroidManifest.xml:93:9-40
152                    android:host="*"
152-->src/main/AndroidManifest.xml:137:13-29
153                    android:mimeType="*/*"
153-->src/main/AndroidManifest.xml:128:15-50
154                    android:pathPattern=".*\\..*\\..*\\.backup"
154-->src/main/AndroidManifest.xml:139:13-46
155                    android:scheme="file" />
155-->src/main/AndroidManifest.xml:93:15-37
156                <data
156-->src/main/AndroidManifest.xml:93:9-40
157                    android:host="*"
157-->src/main/AndroidManifest.xml:137:13-29
158                    android:mimeType="*/*"
158-->src/main/AndroidManifest.xml:128:15-50
159                    android:pathPattern=".*\\..*\\..*\\..*\\.backup"
159-->src/main/AndroidManifest.xml:139:13-46
160                    android:scheme="file" />
160-->src/main/AndroidManifest.xml:93:15-37
161            </intent-filter>
162        </activity>
163        <activity
163-->src/main/AndroidManifest.xml:158:5-160:68
164            android:name="com.salamquran.android.pageselect.PageSelectActivity"
164-->src/main/AndroidManifest.xml:159:9-54
165            android:theme="@style/Theme.AppCompat.Light.NoActionBar" />
165-->src/main/AndroidManifest.xml:160:9-65
166
167        <service
167-->src/main/AndroidManifest.xml:162:5-164:34
168            android:name="com.salamquran.android.service.QuranDownloadService"
168-->src/main/AndroidManifest.xml:163:9-53
169            android:enabled="true" />
169-->src/main/AndroidManifest.xml:164:9-31
170        <service
170-->src/main/AndroidManifest.xml:165:5-171:15
171            android:name="com.salamquran.android.service.AudioService"
171-->src/main/AndroidManifest.xml:166:9-45
172            android:exported="false" >
172-->src/main/AndroidManifest.xml:167:9-33
173            <intent-filter>
173-->src/main/AndroidManifest.xml:117:7-119:23
174                <action android:name="android.intent.action.MEDIA_BUTTON" />
174-->src/main/AndroidManifest.xml:118:9-69
174-->src/main/AndroidManifest.xml:118:17-66
175            </intent-filter>
176        </service>
177    </application>
178
179</manifest>